<?xml version="1.0" encoding="UTF-8"?>
<!-- Generated by org.testng.reporters.JUnitReportReporter -->
<testsuite skipped="0" hostname="DESKTOP-PV3BTGR" name="com.naukri.qa.testcases.SignUpPageTest" tests="1" failures="0" timestamp="2020-04-02T19:55:18 IST" time="4.898" errors="0">
  <testcase name="SignUpPageDataEnterTest" time="4.898" classname="com.naukri.qa.testcases.SignUpPageTest"/>
</testsuite> <!-- com.naukri.qa.testcases.SignUpPageTest -->
