<?xml version="1.0" encoding="UTF-8"?>
<!-- Generated by org.testng.reporters.JUnitReportReporter -->
<testsuite skipped="0" hostname="DESKTOP-PV3BTGR" name="com.testngpractice.ParameterTest" tests="1" failures="0" timestamp="2020-03-30T20:56:26 IST" time="14.871" errors="0">
  <testcase name="yahooLoginTest" time="14.871" classname="com.testngpractice.ParameterTest"/>
</testsuite> <!-- com.testngpractice.ParameterTest -->
