<?xml version="1.0" encoding="UTF-8"?>
<!-- Generated by org.testng.reporters.JUnitReportReporter -->
<testsuite skipped="0" hostname="DESKTOP-PV3BTGR" name="com.naukri.qa.testcases.LoginPageTest" tests="3" failures="0" timestamp="2020-04-02T22:48:18 IST" time="48.303" errors="0">
  <testcase name="testLoginPageTitleTest" time="14.133" classname="com.naukri.qa.testcases.LoginPageTest"/>
  <testcase name="testMonsterImage" time="17.839" classname="com.naukri.qa.testcases.LoginPageTest"/>
  <testcase name="testLoginFunctionality" time="16.331" classname="com.naukri.qa.testcases.LoginPageTest"/>
</testsuite> <!-- com.naukri.qa.testcases.LoginPageTest -->
