<?xml version="1.0" encoding="UTF-8"?>
<!-- Generated by org.testng.reporters.JUnitReportReporter -->
<testsuite skipped="0" hostname="DESKTOP-PV3BTGR" name="com.naukri.qa.testcases.LoginPageTest" tests="3" failures="0" timestamp="2020-04-10T21:36:15 IST" time="50.761" errors="0">
  <testcase name="testLoginPageTitleTest" time="15.044" classname="com.naukri.qa.testcases.LoginPageTest"/>
  <testcase name="testMonsterImage" time="18.586" classname="com.naukri.qa.testcases.LoginPageTest"/>
  <testcase name="testLoginFunctionality" time="17.131" classname="com.naukri.qa.testcases.LoginPageTest"/>
</testsuite> <!-- com.naukri.qa.testcases.LoginPageTest -->
