<?xml version="1.0" encoding="UTF-8"?>
<!-- Generated by org.testng.reporters.JUnitReportReporter -->
<testsuite skipped="0" hostname="DESKTOP-PV3BTGR" name="com.naukri.qa.testcases.HomePageTest" tests="5" failures="0" timestamp="2020-04-02T22:48:18 IST" time="7.338" errors="0">
  <testcase name="homePagetitleTest" time="3.248" classname="com.naukri.qa.testcases.HomePageTest"/>
  <testcase name="testuserId" time="1.172" classname="com.naukri.qa.testcases.HomePageTest"/>
  <testcase name="testUserLocation" time="0.930" classname="com.naukri.qa.testcases.HomePageTest"/>
  <testcase name="d" time="1.176" classname="com.naukri.qa.testcases.HomePageTest"/>
  <testcase name="testUserMailId" time="0.812" classname="com.naukri.qa.testcases.HomePageTest"/>
</testsuite> <!-- com.naukri.qa.testcases.HomePageTest -->
